============================= test session starts =============================
platform win32 -- Python 3.14.3, pytest-9.1.0, pluggy-1.6.0
rootdir: C:\qa-cicd-practice
plugins: html-4.2.0, metadata-3.1.1
collected 6 items

tests\test_device.py ......                                              [100%]

--------- generated xml file: C:\qa-cicd-practice\reports\result.xml ----------
--- Generated html report: file:///C:/qa-cicd-practice/reports/result.html ----
============================== 6 passed in 0.03s ==============================
